previouslyFailed/o-links.txt
OK: previouslyFailed/o-links.txt
https://tabs.ultimate-guitar.com/tab/olivia_the_band/missing_chords_653962
https://tabs.ultimate-guitar.com/tab/olivia_the_band/my_friend_chords_468993
https://tabs.ultimate-guitar.com/tab/olivija/kadar_sva_sama_chords_546271
https://tabs.ultimate-guitar.com/tab/2089851
https://tabs.ultimate-guitar.com/tab/olivver_the_kid/freak_chords_2116607
https://tabs.ultimate-guitar.com/tab/olivver_the_kid/hell_chords_1834672
https://tabs.ultimate-guitar.com/tab/olivver_the_kid/lucy_hurt_people_hurt_people_chords_1735094
https://tabs.ultimate-guitar.com/tab/ollantay_bolivia/te_convido_chords_1574053
https://tabs.ultimate-guitar.com/tab/olle_adolfsson_beppe_wolgers/det_gatfulla_folket_chords_1681070
https://tabs.ultimate-guitar.com/tab/1905678
https://tabs.ultimate-guitar.com/tab/1905090
https://tabs.ultimate-guitar.com/tab/2242917
https://tabs.ultimate-guitar.com/tab/1812648
https://tabs.ultimate-guitar.com/tab/1848965
https://tabs.ultimate-guitar.com/tab/2339595
https://tabs.ultimate-guitar.com/tab/olle_adolphson/okanda_djur_chords_1515879
https://tabs.ultimate-guitar.com/tab/olle_adolphson/trettifyran_chords_1516745
https://tabs.ultimate-guitar.com/tab/olle_adolphson/trubbel_chords_1671471
https://tabs.ultimate-guitar.com/tab/olle_adolphson/varlden_som_var_min_chords_1485115
https://tabs.ultimate-guitar.com/tab/1762643
https://tabs.ultimate-guitar.com/tab/olli_schulz/armer_vater_chords_2415125
https://tabs.ultimate-guitar.com/tab/olli_schulz/bettmensch_chords_1805357
https://tabs.ultimate-guitar.com/tab/olli_schulz/bettmensch_chords_2395339
https://tabs.ultimate-guitar.com/tab/1786231
https://tabs.ultimate-guitar.com/tab/olli_schulz/boogieman_chords_2415131
https://tabs.ultimate-guitar.com/tab/1821316
https://tabs.ultimate-guitar.com/tab/olli_schulz/der_kleine_baer_chords_1150848
https://tabs.ultimate-guitar.com/tab/olli_schulz/der_kleine_baer_chords_1740577
https://tabs.ultimate-guitar.com/tab/olli_schulz/die_ankunft_der_marsianer_chords_1176827
https://tabs.ultimate-guitar.com/tab/olli_schulz/die_welt_hat_geburtstag_chords_1204841
https://tabs.ultimate-guitar.com/tab/olli_schulz/dschungel_chords_2415095
https://tabs.ultimate-guitar.com/tab/olli_schulz/du_hattest_recht_mit_dem_ende_von_lost_chords_1484502
https://tabs.ultimate-guitar.com/tab/olli_schulz/feelings_aus_der_asche_chords_1702577
https://tabs.ultimate-guitar.com/tab/olli_schulz/hdfkk_chords_1466927
https://tabs.ultimate-guitar.com/tab/olli_schulz/ich_dachte_du_bist_es_chords_1747198
https://tabs.ultimate-guitar.com/tab/olli_schulz/ich_dachte_du_bist_es_chords_1749691
https://tabs.ultimate-guitar.com/tab/olli_schulz/ich_trste_gott_chords_1181743
https://tabs.ultimate-guitar.com/tab/olli_schulz/irgendwas_fehlt_chords_1150586
https://tabs.ultimate-guitar.com/tab/olli_schulz/irgendwas_fehlt_chords_1150719
https://tabs.ultimate-guitar.com/tab/olli_schulz/irgendwas_fehlt_chords_1198034
https://tabs.ultimate-guitar.com/tab/olli_schulz/isabell_chords_1446545
https://tabs.ultimate-guitar.com/tab/olli_schulz/kinder_der_sonne_chords_2415149
https://tabs.ultimate-guitar.com/tab/olli_schulz/koks_und_nutten_chords_1148139
https://tabs.ultimate-guitar.com/tab/olli_schulz/lass_rangeln_chords_1242688
https://tabs.ultimate-guitar.com/tab/olli_schulz/mach_den_bibo_chords_1150345
https://tabs.ultimate-guitar.com/tab/olli_schulz/ob_es_wirklich_liebe_gibt_chords_1878267
https://tabs.ultimate-guitar.com/tab/olli_schulz/phase_chords_1700802
https://tabs.ultimate-guitar.com/tab/olli_schulz/phase_chords_1909869
https://tabs.ultimate-guitar.com/tab/olli_schulz/phosphormann_chords_1247233
https://tabs.ultimate-guitar.com/tab/olli_schulz/rangel_song_chords_1240594
https://tabs.ultimate-guitar.com/tab/olli_schulz/rangel_song_chords_1240996
https://tabs.ultimate-guitar.com/tab/olli_schulz/rangel_song_chords_1241238
https://tabs.ultimate-guitar.com/tab/olli_schulz/rangel_song_chords_1242941
https://tabs.ultimate-guitar.com/tab/olli_schulz/schrecklich_schoene_welt_chords_1488546
https://tabs.ultimate-guitar.com/tab/olli_schulz/so_lange_einsam_chords_1704852
https://tabs.ultimate-guitar.com/tab/olli_schulz/so_muss_es_beginnen_chords_1709488
https://tabs.ultimate-guitar.com/tab/olli_schulz/so_muss_es_beginnen_chords_1804954
https://tabs.ultimate-guitar.com/tab/olli_schulz/so_muss_es_beginnen_chords_2368707
https://tabs.ultimate-guitar.com/tab/olli_schulz/spielerfrau_chords_1187207
https://tabs.ultimate-guitar.com/tab/olli_schulz/spielerfrau_chords_1195618
https://tabs.ultimate-guitar.com/tab/olli_schulz/verhaftet_wegen_sexy_chords_1504035
https://tabs.ultimate-guitar.com/tab/olli_schulz/verhaftet_wegen_sexy_chords_1508470
https://tabs.ultimate-guitar.com/tab/olli_schulz/verhaftet_wegen_sexy_chords_1712155
https://tabs.ultimate-guitar.com/tab/olli_schulz/verliebt_in_2_maedchen_chords_1490296
https://tabs.ultimate-guitar.com/tab/olli_schulz/wenn_es_gut_ist_chords_1187822
https://tabs.ultimate-guitar.com/tab/olli_schulz/wenn_es_gut_ist_chords_1784736
https://tabs.ultimate-guitar.com/tab/1574101
https://tabs.ultimate-guitar.com/tab/omar_moreno_palacios/provincia_de_buenos_aires_chords_1574102
https://tabs.ultimate-guitar.com/tab/omar_moreno_palacios/sencillito_y_de_alpargatas_chords_1574103
https://tabs.ultimate-guitar.com/tab/omar_moreno_palacios/sencillito_y_de_alpargatas_chords_1574104
https://tabs.ultimate-guitar.com/tab/olle_nyman/dont_let_those_bastards_reel_you_in_chords_1043577
https://tabs.ultimate-guitar.com/tab/olle_nyman/heart_soul_chords_1465736
https://tabs.ultimate-guitar.com/tab/olli_schulz_der_hund_marie/dann_schlgt_dein_herz_chords_389507
https://tabs.ultimate-guitar.com/tab/olli_schulz_der_hund_marie/human_of_the_week_chords_196255
https://tabs.ultimate-guitar.com/tab/olli_schulz_der_hund_marie/spooky_girlfriend_chords_343282
https://tabs.ultimate-guitar.com/tab/2415097
https://tabs.ultimate-guitar.com/tab/olli_schulz_der_hund_marie/der_moment_chords_944239
https://tabs.ultimate-guitar.com/tab/olli_schulz_der_hund_marie/elefanten_chords_685362
https://tabs.ultimate-guitar.com/tab/olli_schulz_der_hund_marie/elefanten_chords_1415687
https://tabs.ultimate-guitar.com/tab/olli_schulz_der_hund_marie/jetzt_gerade_bist_du_gut_chords_2415153
https://tabs.ultimate-guitar.com/tab/olli_schulz_der_hund_marie/kaiserwetter_chords_1718440
https://tabs.ultimate-guitar.com/tab/olli_schulz_der_hund_marie/kleine_meise_groes_herz_chords_1001914
https://tabs.ultimate-guitar.com/tab/1909867
https://tabs.ultimate-guitar.com/tab/olli_schulz_der_hund_marie/nimm_mein_mixtape_babe_chords_779564
https://tabs.ultimate-guitar.com/tab/olli_schulz_der_hund_marie/rueckspiegel_chords_459816
https://tabs.ultimate-guitar.com/tab/olli_schulz_der_hund_marie/schon_lange_was_defekt_chords_1416583
https://tabs.ultimate-guitar.com/tab/olli_schulz_der_hund_marie/schritt_fuer_schritt_chords_1133615
https://tabs.ultimate-guitar.com/tab/olli_schulz_der_hund_marie/unten_mit_dem_king_chords_632664
https://tabs.ultimate-guitar.com/tab/olli_schulz_der_hund_marie/vorfuehreffekt_chords_896985
https://tabs.ultimate-guitar.com/tab/olli_schulz_der_hund_marie/weil_die_zeit_sich_so_beeilt_chords_378626
https://tabs.ultimate-guitar.com/tab/olli_schulz_der_hund_marie/weil_die_zeit_sich_so_beeilt_chords_632661
https://tabs.ultimate-guitar.com/tab/olli_schulz_der_hund_marie/weil_die_zeit_sich_so_beeilt_chords_1885566
https://tabs.ultimate-guitar.com/tab/olli_schulz_der_hund_marie/weil_die_zeit_sich_so_beeilt_chords_1905258
https://tabs.ultimate-guitar.com/tab/meghan_trainor/dear_future_husband_just_dance_with_me_tonight_chords_1742774
https://tabs.ultimate-guitar.com/tab/kungs/more_mess_chords_2100673
https://tabs.ultimate-guitar.com/tab/olly_murs/a_million_more_years_chords_1094486
https://tabs.ultimate-guitar.com/tab/olly_murs/a_million_more_years_chords_1729592
https://tabs.ultimate-guitar.com/tab/olly_murs/accidental_chords_1138639
https://tabs.ultimate-guitar.com/tab/olly_murs/anywhere_else_chords_1750961
https://tabs.ultimate-guitar.com/tab/olly_murs/army_of_two_chords_1215433
https://tabs.ultimate-guitar.com/tab/olly_murs/army_of_two_chords_1230448
https://tabs.ultimate-guitar.com/tab/olly_murs/army_of_two_chords_1229779
https://tabs.ultimate-guitar.com/tab/olly_murs/ask_me_to_stay_chords_1015775
https://tabs.ultimate-guitar.com/tab/olly_murs/back_around_chords_1903430
https://tabs.ultimate-guitar.com/tab/olly_murs/beautiful_to_me_chords_1682743
https://tabs.ultimate-guitar.com/tab/olly_murs/beautiful_to_me_chords_1900537
https://tabs.ultimate-guitar.com/tab/olly_murs/before_you_go_chords_1904327
https://tabs.ultimate-guitar.com/tab/olly_murs/before_you_go_chords_2259205
https://tabs.ultimate-guitar.com/tab/olly_murs/better_than_me_chords_2457132
https://tabs.ultimate-guitar.com/tab/olly_murs/busy_chords_1054828
https://tabs.ultimate-guitar.com/tab/olly_murs/busy_chords_1058449
https://tabs.ultimate-guitar.com/tab/olly_murs/busy_chords_1058450
https://tabs.ultimate-guitar.com/tab/olly_murs/busy_chords_1107612
https://tabs.ultimate-guitar.com/tab/olly_murs/busy_chords_1723108
https://tabs.ultimate-guitar.com/tab/olly_murs/cant_say_no_chords_1763308
https://tabs.ultimate-guitar.com/tab/olly_murs/cmon_cmon_chords_1691186
https://tabs.ultimate-guitar.com/tab/olly_murs/dance_with_me_tonight_chords_1101104
https://tabs.ultimate-guitar.com/tab/olly_murs/dance_with_me_tonight_chords_1100344
https://tabs.ultimate-guitar.com/tab/olly_murs/dance_with_me_tonight_chords_1103228
https://tabs.ultimate-guitar.com/tab/olly_murs/dear_darlin_chords_1198615
https://tabs.ultimate-guitar.com/tab/olly_murs/dear_darlin_chords_1237398
https://tabs.ultimate-guitar.com/tab/olly_murs/dear_darlin_chords_1248403
https://tabs.ultimate-guitar.com/tab/olly_murs/dear_darlin_chords_1421975
https://tabs.ultimate-guitar.com/tab/olly_murs/dear_darlin_chords_1426596
https://tabs.ultimate-guitar.com/tab/olly_murs/dear_darlin_chords_1456596
https://tabs.ultimate-guitar.com/tab/olly_murs/dont_say_goodbye_chords_1185899
https://tabs.ultimate-guitar.com/tab/olly_murs/flaws_chords_1918929
https://tabs.ultimate-guitar.com/tab/olly_murs/grow_up_chords_1885458
https://tabs.ultimate-guitar.com/tab/olly_murs/grow_up_chords_1903560
https://tabs.ultimate-guitar.com/tab/olly_murs/hand_on_heart_chords_1430195
https://tabs.ultimate-guitar.com/tab/olly_murs/hand_on_heart_chords_1431272
https://tabs.ultimate-guitar.com/tab/olly_murs/head_to_toe_chords_1413144
https://tabs.ultimate-guitar.com/tab/olly_murs/heart_on_my_sleeve_chords_1051528
https://tabs.ultimate-guitar.com/tab/olly_murs/heart_on_my_sleeve_chords_1403755
https://tabs.ultimate-guitar.com/tab/olly_murs/heart_skips_a_beat_chords_1077027
https://tabs.ultimate-guitar.com/tab/olly_murs/heart_skips_a_beat_chords_1116578
https://tabs.ultimate-guitar.com/tab/olly_murs/i_blame_hollywood_chords_1015760
https://tabs.ultimate-guitar.com/tab/olly_murs/i_blame_hollywood_chords_1110165
https://tabs.ultimate-guitar.com/tab/olly_murs/i_blame_hollywood_chords_1169941
https://tabs.ultimate-guitar.com/tab/olly_murs/i_dont_love_you_too_chords_1194914
https://tabs.ultimate-guitar.com/tab/olly_murs/i_need_you_now_chords_1116362
https://tabs.ultimate-guitar.com/tab/olly_murs/i_need_you_now_chords_1122049
https://tabs.ultimate-guitar.com/tab/olly_murs/i_wish_it_could_be_christmas_everyday_chords_1787609
https://tabs.ultimate-guitar.com/tab/olly_murs/im_ok_chords_1918069
https://tabs.ultimate-guitar.com/tab/olly_murs/in_case_you_didnt_know_chords_1111388
https://tabs.ultimate-guitar.com/tab/olly_murs/in_case_you_didnt_know_chords_1114224
https://tabs.ultimate-guitar.com/tab/olly_murs/ive_tried_everything_chords_1113985
https://tabs.ultimate-guitar.com/tab/olly_murs/kiss_me_chords_1783713
https://tabs.ultimate-guitar.com/tab/olly_murs/let_me_in_chords_1728051
https://tabs.ultimate-guitar.com/tab/olly_murs/loud_and_clear_chords_1417451
https://tabs.ultimate-guitar.com/tab/olly_murs/loud_and_clear_chords_2453059
https://tabs.ultimate-guitar.com/tab/olly_murs/love_you_more_chords_1903141
https://tabs.ultimate-guitar.com/tab/olly_murs/never_been_better_chords_1680625
https://tabs.ultimate-guitar.com/tab/olly_murs/nothing_without_you_chords_1728426
https://tabs.ultimate-guitar.com/tab/olly_murs/nothing_without_you_chords_1738360
https://tabs.ultimate-guitar.com/tab/olly_murs/oh_my_goodness_chords_1123068
https://tabs.ultimate-guitar.com/tab/olly_murs/oh_my_goodness_chords_1134448
https://tabs.ultimate-guitar.com/tab/olly_murs/oh_my_goodness_chords_1161559
https://tabs.ultimate-guitar.com/tab/olly_murs/on_my_cloud_chords_1111628
https://tabs.ultimate-guitar.com/tab/olly_murs/one_of_these_days_chords_1205382
https://tabs.ultimate-guitar.com/tab/olly_murs/please_dont_let_me_go_chords_984559
https://tabs.ultimate-guitar.com/tab/olly_murs/please_dont_let_me_go_chords_1015907
https://tabs.ultimate-guitar.com/tab/olly_murs/please_dont_let_me_go_chords_1426608
https://tabs.ultimate-guitar.com/tab/olly_murs/please_dont_let_me_go_chords_972727
https://tabs.ultimate-guitar.com/tab/olly_murs/please_dont_let_me_go_chords_1720950
https://tabs.ultimate-guitar.com/tab/olly_murs/right_place_right_time_chords_1251575
https://tabs.ultimate-guitar.com/tab/olly_murs/right_place_right_time_chords_1479280
https://tabs.ultimate-guitar.com/tab/olly_murs/right_place_right_time_chords_1512881
https://tabs.ultimate-guitar.com/tab/olly_murs/runaway_chords_1412872
https://tabs.ultimate-guitar.com/tab/olly_murs/seasons_chords_1723234
https://tabs.ultimate-guitar.com/tab/olly_murs/sophie_chords_1007606
https://tabs.ultimate-guitar.com/tab/olly_murs/stick_with_me_chords_1696993
https://tabs.ultimate-guitar.com/tab/olly_murs/tell_the_world_chords_1132916
https://tabs.ultimate-guitar.com/tab/olly_murs/that_girl_chords_1950065
https://tabs.ultimate-guitar.com/tab/olly_murs/thats_alright_with_me_chords_1466031
https://tabs.ultimate-guitar.com/tab/olly_murs/thinking_of_me_chords_1004048
https://tabs.ultimate-guitar.com/tab/olly_murs/this_ones_for_the_girls_chords_1116525
https://tabs.ultimate-guitar.com/tab/olly_murs/this_ones_for_the_girls_chords_1212736
https://tabs.ultimate-guitar.com/tab/olly_murs/this_song_is_about_you_chords_1140999
https://tabs.ultimate-guitar.com/tab/olly_murs/this_song_is_about_you_chords_1159621
https://tabs.ultimate-guitar.com/tab/olly_murs/tomorrow_chords_1703716
https://tabs.ultimate-guitar.com/tab/olly_murs/troublemaker_chords_1187627
https://tabs.ultimate-guitar.com/tab/olly_murs/troublemaker_chords_1217401
https://tabs.ultimate-guitar.com/tab/olly_murs/troublemaker_chords_1239613
https://tabs.ultimate-guitar.com/tab/olly_murs/unpredictable_chords_2012977
https://tabs.ultimate-guitar.com/tab/olly_murs/up_chords_1684006
https://tabs.ultimate-guitar.com/tab/olly_murs/up_chords_1699557
https://tabs.ultimate-guitar.com/tab/olly_murs/up_chords_1719734
https://tabs.ultimate-guitar.com/tab/olly_murs/up_chords_1772961
https://tabs.ultimate-guitar.com/tab/olly_murs/what_a_buzz_chords_1233555
https://tabs.ultimate-guitar.com/tab/olly_murs/what_a_buzz_chords_1414342
https://tabs.ultimate-guitar.com/tab/olly_murs/why_do_i_love_you_chords_1906291
https://tabs.ultimate-guitar.com/tab/olly_murs/wrapped_up_chords_1671122
https://tabs.ultimate-guitar.com/tab/olly_murs/wrapped_up_chords_1692553
https://tabs.ultimate-guitar.com/tab/olly_murs/wrapped_up_chords_1852747
https://tabs.ultimate-guitar.com/tab/onda_vaga/a_la_mierda_chords_1574198
https://tabs.ultimate-guitar.com/tab/1574199
https://tabs.ultimate-guitar.com/tab/onda_vaga/baila_chords_1574200
https://tabs.ultimate-guitar.com/tab/onda_vaga/cartagena_chords_1574201
https://tabs.ultimate-guitar.com/tab/onda_vaga/cartagena_chords_1574202
https://tabs.ultimate-guitar.com/tab/onda_vaga/como_que_no_el_principe_chords_1574203
https://tabs.ultimate-guitar.com/tab/onda_vaga/continente_de_perlas_chords_1574204
https://tabs.ultimate-guitar.com/tab/onda_vaga/el_experimento_chords_1574205
https://tabs.ultimate-guitar.com/tab/1574206
https://tabs.ultimate-guitar.com/tab/onda_vaga/gilda_chords_1574207
https://tabs.ultimate-guitar.com/tab/onda_vaga/havana_affair_chords_1574208
https://tabs.ultimate-guitar.com/tab/1574209
https://tabs.ultimate-guitar.com/tab/onda_vaga/i_am_vago_preliminar_chords_1574210
https://tabs.ultimate-guitar.com/tab/onda_vaga/infinito_chords_1574211
https://tabs.ultimate-guitar.com/tab/1574212
https://tabs.ultimate-guitar.com/tab/onda_vaga/ir_al_baile_chords_1574213
https://tabs.ultimate-guitar.com/tab/onda_vaga/ir_al_baile_chords_1574214
https://tabs.ultimate-guitar.com/tab/onda_vaga/joven_yo_no_quiero_caer_chords_1574215
https://tabs.ultimate-guitar.com/tab/onda_vaga/jovens_chords_1574216
https://tabs.ultimate-guitar.com/tab/onda_vaga/la_bomba_chords_1574217
https://tabs.ultimate-guitar.com/tab/onda_vaga/la_menor_chords_1574218
https://tabs.ultimate-guitar.com/tab/onda_vaga/la_muerte_canta_chords_1574219
https://tabs.ultimate-guitar.com/tab/onda_vaga/la_noche_la_luna_chords_1574220
https://tabs.ultimate-guitar.com/tab/onda_vaga/la_pipa_de_la_paz_chords_1574221
https://tabs.ultimate-guitar.com/tab/onda_vaga/la_ronda_chords_1574222
https://tabs.ultimate-guitar.com/tab/onda_vaga/lolita_chords_1574223
https://tabs.ultimate-guitar.com/tab/onda_vaga/mambeado_chords_1252178
https://tabs.ultimate-guitar.com/tab/onda_vaga/mambeando_chords_1574224
https://tabs.ultimate-guitar.com/tab/onda_vaga/marineros_chords_1574225
https://tabs.ultimate-guitar.com/tab/onda_vaga/me_pega_fuerte_chords_1574226
https://tabs.ultimate-guitar.com/tab/onda_vaga/parque_seco_chords_1574227
https://tabs.ultimate-guitar.com/tab/onda_vaga/rayada_chords_1574228
https://tabs.ultimate-guitar.com/tab/onda_vaga/rem_irme_con_vos_chords_1574229
https://tabs.ultimate-guitar.com/tab/1574230
https://tabs.ultimate-guitar.com/tab/1574231
https://tabs.ultimate-guitar.com/tab/1574232
https://tabs.ultimate-guitar.com/tab/onda_vaga/te_quiero_chords_1574233
https://tabs.ultimate-guitar.com/tab/onda_vaga/vayan_a_ser_chords_1574235
https://tabs.ultimate-guitar.com/tab/onda_vaga/ya_chords_1574236
https://tabs.ultimate-guitar.com/tab/omar_and_the_howlers/black_bottom_chords_802386
https://tabs.ultimate-guitar.com/tab/omar_and_the_howlers/full_moon_on_main_street_chords_2350221
https://tabs.ultimate-guitar.com/tab/ollie/apologies_chords_2165747
https://tabs.ultimate-guitar.com/tab/ollie/better_with_you_chords_2480638
https://tabs.ultimate-guitar.com/tab/ollie/valot_chords_2396221
https://tabs.ultimate-guitar.com/tab/ollie_gabriel/running_man_chords_1861729
